
a.out:     file format elf64-x86-64


Disassembly of section .init:

0000000000001000 <_init>:
    1000:	f3 0f 1e fa          	endbr64 
    1004:	48 83 ec 08          	sub    $0x8,%rsp
    1008:	48 8b 05 d9 2f 00 00 	mov    0x2fd9(%rip),%rax        # 3fe8 <__gmon_start__>
    100f:	48 85 c0             	test   %rax,%rax
    1012:	74 02                	je     1016 <_init+0x16>
    1014:	ff d0                	callq  *%rax
    1016:	48 83 c4 08          	add    $0x8,%rsp
    101a:	c3                   	retq   

Disassembly of section .plt:

0000000000001020 <.plt>:
    1020:	ff 35 62 2f 00 00    	pushq  0x2f62(%rip)        # 3f88 <_GLOBAL_OFFSET_TABLE_+0x8>
    1026:	f2 ff 25 63 2f 00 00 	bnd jmpq *0x2f63(%rip)        # 3f90 <_GLOBAL_OFFSET_TABLE_+0x10>
    102d:	0f 1f 00             	nopl   (%rax)
    1030:	f3 0f 1e fa          	endbr64 
    1034:	68 00 00 00 00       	pushq  $0x0
    1039:	f2 e9 e1 ff ff ff    	bnd jmpq 1020 <.plt>
    103f:	90                   	nop
    1040:	f3 0f 1e fa          	endbr64 
    1044:	68 01 00 00 00       	pushq  $0x1
    1049:	f2 e9 d1 ff ff ff    	bnd jmpq 1020 <.plt>
    104f:	90                   	nop
    1050:	f3 0f 1e fa          	endbr64 
    1054:	68 02 00 00 00       	pushq  $0x2
    1059:	f2 e9 c1 ff ff ff    	bnd jmpq 1020 <.plt>
    105f:	90                   	nop
    1060:	f3 0f 1e fa          	endbr64 
    1064:	68 03 00 00 00       	pushq  $0x3
    1069:	f2 e9 b1 ff ff ff    	bnd jmpq 1020 <.plt>
    106f:	90                   	nop
    1070:	f3 0f 1e fa          	endbr64 
    1074:	68 04 00 00 00       	pushq  $0x4
    1079:	f2 e9 a1 ff ff ff    	bnd jmpq 1020 <.plt>
    107f:	90                   	nop
    1080:	f3 0f 1e fa          	endbr64 
    1084:	68 05 00 00 00       	pushq  $0x5
    1089:	f2 e9 91 ff ff ff    	bnd jmpq 1020 <.plt>
    108f:	90                   	nop

Disassembly of section .plt.got:

0000000000001090 <__cxa_finalize@plt>:
    1090:	f3 0f 1e fa          	endbr64 
    1094:	f2 ff 25 2d 2f 00 00 	bnd jmpq *0x2f2d(%rip)        # 3fc8 <__cxa_finalize@GLIBC_2.2.5>
    109b:	0f 1f 44 00 00       	nopl   0x0(%rax,%rax,1)

Disassembly of section .plt.sec:

00000000000010a0 <_ZNSirsERi@plt>:
    10a0:	f3 0f 1e fa          	endbr64 
    10a4:	f2 ff 25 ed 2e 00 00 	bnd jmpq *0x2eed(%rip)        # 3f98 <_ZNSirsERi@GLIBCXX_3.4>
    10ab:	0f 1f 44 00 00       	nopl   0x0(%rax,%rax,1)

00000000000010b0 <__cxa_atexit@plt>:
    10b0:	f3 0f 1e fa          	endbr64 
    10b4:	f2 ff 25 e5 2e 00 00 	bnd jmpq *0x2ee5(%rip)        # 3fa0 <__cxa_atexit@GLIBC_2.2.5>
    10bb:	0f 1f 44 00 00       	nopl   0x0(%rax,%rax,1)

00000000000010c0 <_ZNSolsEPFRSoS_E@plt>:
    10c0:	f3 0f 1e fa          	endbr64 
    10c4:	f2 ff 25 dd 2e 00 00 	bnd jmpq *0x2edd(%rip)        # 3fa8 <_ZNSolsEPFRSoS_E@GLIBCXX_3.4>
    10cb:	0f 1f 44 00 00       	nopl   0x0(%rax,%rax,1)

00000000000010d0 <__stack_chk_fail@plt>:
    10d0:	f3 0f 1e fa          	endbr64 
    10d4:	f2 ff 25 d5 2e 00 00 	bnd jmpq *0x2ed5(%rip)        # 3fb0 <__stack_chk_fail@GLIBC_2.4>
    10db:	0f 1f 44 00 00       	nopl   0x0(%rax,%rax,1)

00000000000010e0 <_ZNSt8ios_base4InitC1Ev@plt>:
    10e0:	f3 0f 1e fa          	endbr64 
    10e4:	f2 ff 25 cd 2e 00 00 	bnd jmpq *0x2ecd(%rip)        # 3fb8 <_ZNSt8ios_base4InitC1Ev@GLIBCXX_3.4>
    10eb:	0f 1f 44 00 00       	nopl   0x0(%rax,%rax,1)

00000000000010f0 <_ZNSolsEi@plt>:
    10f0:	f3 0f 1e fa          	endbr64 
    10f4:	f2 ff 25 c5 2e 00 00 	bnd jmpq *0x2ec5(%rip)        # 3fc0 <_ZNSolsEi@GLIBCXX_3.4>
    10fb:	0f 1f 44 00 00       	nopl   0x0(%rax,%rax,1)

Disassembly of section .text:

0000000000001100 <_start>:
    1100:	f3 0f 1e fa          	endbr64 
    1104:	31 ed                	xor    %ebp,%ebp
    1106:	49 89 d1             	mov    %rdx,%r9
    1109:	5e                   	pop    %rsi
    110a:	48 89 e2             	mov    %rsp,%rdx
    110d:	48 83 e4 f0          	and    $0xfffffffffffffff0,%rsp
    1111:	50                   	push   %rax
    1112:	54                   	push   %rsp
    1113:	4c 8d 05 96 02 00 00 	lea    0x296(%rip),%r8        # 13b0 <__libc_csu_fini>
    111a:	48 8d 0d 1f 02 00 00 	lea    0x21f(%rip),%rcx        # 1340 <__libc_csu_init>
    1121:	48 8d 3d c1 00 00 00 	lea    0xc1(%rip),%rdi        # 11e9 <main>
    1128:	ff 15 b2 2e 00 00    	callq  *0x2eb2(%rip)        # 3fe0 <__libc_start_main@GLIBC_2.2.5>
    112e:	f4                   	hlt    
    112f:	90                   	nop

0000000000001130 <deregister_tm_clones>:
    1130:	48 8d 3d d9 2e 00 00 	lea    0x2ed9(%rip),%rdi        # 4010 <__TMC_END__>
    1137:	48 8d 05 d2 2e 00 00 	lea    0x2ed2(%rip),%rax        # 4010 <__TMC_END__>
    113e:	48 39 f8             	cmp    %rdi,%rax
    1141:	74 15                	je     1158 <deregister_tm_clones+0x28>
    1143:	48 8b 05 8e 2e 00 00 	mov    0x2e8e(%rip),%rax        # 3fd8 <_ITM_deregisterTMCloneTable>
    114a:	48 85 c0             	test   %rax,%rax
    114d:	74 09                	je     1158 <deregister_tm_clones+0x28>
    114f:	ff e0                	jmpq   *%rax
    1151:	0f 1f 80 00 00 00 00 	nopl   0x0(%rax)
    1158:	c3                   	retq   
    1159:	0f 1f 80 00 00 00 00 	nopl   0x0(%rax)

0000000000001160 <register_tm_clones>:
    1160:	48 8d 3d a9 2e 00 00 	lea    0x2ea9(%rip),%rdi        # 4010 <__TMC_END__>
    1167:	48 8d 35 a2 2e 00 00 	lea    0x2ea2(%rip),%rsi        # 4010 <__TMC_END__>
    116e:	48 29 fe             	sub    %rdi,%rsi
    1171:	48 89 f0             	mov    %rsi,%rax
    1174:	48 c1 ee 3f          	shr    $0x3f,%rsi
    1178:	48 c1 f8 03          	sar    $0x3,%rax
    117c:	48 01 c6             	add    %rax,%rsi
    117f:	48 d1 fe             	sar    %rsi
    1182:	74 14                	je     1198 <register_tm_clones+0x38>
    1184:	48 8b 05 65 2e 00 00 	mov    0x2e65(%rip),%rax        # 3ff0 <_ITM_registerTMCloneTable>
    118b:	48 85 c0             	test   %rax,%rax
    118e:	74 08                	je     1198 <register_tm_clones+0x38>
    1190:	ff e0                	jmpq   *%rax
    1192:	66 0f 1f 44 00 00    	nopw   0x0(%rax,%rax,1)
    1198:	c3                   	retq   
    1199:	0f 1f 80 00 00 00 00 	nopl   0x0(%rax)

00000000000011a0 <__do_global_dtors_aux>:
    11a0:	f3 0f 1e fa          	endbr64 
    11a4:	80 3d cd 30 00 00 00 	cmpb   $0x0,0x30cd(%rip)        # 4278 <completed.8061>
    11ab:	75 2b                	jne    11d8 <__do_global_dtors_aux+0x38>
    11ad:	55                   	push   %rbp
    11ae:	48 83 3d 12 2e 00 00 	cmpq   $0x0,0x2e12(%rip)        # 3fc8 <__cxa_finalize@GLIBC_2.2.5>
    11b5:	00 
    11b6:	48 89 e5             	mov    %rsp,%rbp
    11b9:	74 0c                	je     11c7 <__do_global_dtors_aux+0x27>
    11bb:	48 8b 3d 46 2e 00 00 	mov    0x2e46(%rip),%rdi        # 4008 <__dso_handle>
    11c2:	e8 c9 fe ff ff       	callq  1090 <__cxa_finalize@plt>
    11c7:	e8 64 ff ff ff       	callq  1130 <deregister_tm_clones>
    11cc:	c6 05 a5 30 00 00 01 	movb   $0x1,0x30a5(%rip)        # 4278 <completed.8061>
    11d3:	5d                   	pop    %rbp
    11d4:	c3                   	retq   
    11d5:	0f 1f 00             	nopl   (%rax)
    11d8:	c3                   	retq   
    11d9:	0f 1f 80 00 00 00 00 	nopl   0x0(%rax)

00000000000011e0 <frame_dummy>:
    11e0:	f3 0f 1e fa          	endbr64 
    11e4:	e9 77 ff ff ff       	jmpq   1160 <register_tm_clones>

00000000000011e9 <main>:
    11e9:	f3 0f 1e fa          	endbr64 
    11ed:	55                   	push   %rbp
    11ee:	48 89 e5             	mov    %rsp,%rbp
    11f1:	48 83 ec 20          	sub    $0x20,%rsp
    11f5:	64 48 8b 04 25 28 00 	mov    %fs:0x28,%rax
    11fc:	00 00 
    11fe:	48 89 45 f8          	mov    %rax,-0x8(%rbp)
    1202:	31 c0                	xor    %eax,%eax
    1204:	c7 45 e8 00 00 00 00 	movl   $0x0,-0x18(%rbp)
    120b:	c7 45 ec 01 00 00 00 	movl   $0x1,-0x14(%rbp)
    1212:	c7 45 f0 01 00 00 00 	movl   $0x1,-0x10(%rbp)
    1219:	48 8d 45 e4          	lea    -0x1c(%rbp),%rax
    121d:	48 89 c6             	mov    %rax,%rsi
    1220:	48 8d 3d 39 2f 00 00 	lea    0x2f39(%rip),%rdi        # 4160 <_ZSt3cin@@GLIBCXX_3.4>
    1227:	e8 74 fe ff ff       	callq  10a0 <_ZNSirsERi@plt>
    122c:	8b 45 e8             	mov    -0x18(%rbp),%eax
    122f:	89 c6                	mov    %eax,%esi
    1231:	48 8d 3d 08 2e 00 00 	lea    0x2e08(%rip),%rdi        # 4040 <_ZSt4cout@@GLIBCXX_3.4>
    1238:	e8 b3 fe ff ff       	callq  10f0 <_ZNSolsEi@plt>
    123d:	48 89 c2             	mov    %rax,%rdx
    1240:	48 8b 05 89 2d 00 00 	mov    0x2d89(%rip),%rax        # 3fd0 <_ZSt4endlIcSt11char_traitsIcEERSt13basic_ostreamIT_T0_ES6_@GLIBCXX_3.4>
    1247:	48 89 c6             	mov    %rax,%rsi
    124a:	48 89 d7             	mov    %rdx,%rdi
    124d:	e8 6e fe ff ff       	callq  10c0 <_ZNSolsEPFRSoS_E@plt>
    1252:	8b 45 ec             	mov    -0x14(%rbp),%eax
    1255:	89 c6                	mov    %eax,%esi
    1257:	48 8d 3d e2 2d 00 00 	lea    0x2de2(%rip),%rdi        # 4040 <_ZSt4cout@@GLIBCXX_3.4>
    125e:	e8 8d fe ff ff       	callq  10f0 <_ZNSolsEi@plt>
    1263:	48 89 c2             	mov    %rax,%rdx
    1266:	48 8b 05 63 2d 00 00 	mov    0x2d63(%rip),%rax        # 3fd0 <_ZSt4endlIcSt11char_traitsIcEERSt13basic_ostreamIT_T0_ES6_@GLIBCXX_3.4>
    126d:	48 89 c6             	mov    %rax,%rsi
    1270:	48 89 d7             	mov    %rdx,%rdi
    1273:	e8 48 fe ff ff       	callq  10c0 <_ZNSolsEPFRSoS_E@plt>
    1278:	8b 45 e4             	mov    -0x1c(%rbp),%eax
    127b:	39 45 f0             	cmp    %eax,-0x10(%rbp)
    127e:	7d 3e                	jge    12be <main+0xd5>
    1280:	8b 45 ec             	mov    -0x14(%rbp),%eax
    1283:	89 45 f4             	mov    %eax,-0xc(%rbp)
    1286:	8b 45 e8             	mov    -0x18(%rbp),%eax
    1289:	01 45 ec             	add    %eax,-0x14(%rbp)
    128c:	8b 45 ec             	mov    -0x14(%rbp),%eax
    128f:	89 c6                	mov    %eax,%esi
    1291:	48 8d 3d a8 2d 00 00 	lea    0x2da8(%rip),%rdi        # 4040 <_ZSt4cout@@GLIBCXX_3.4>
    1298:	e8 53 fe ff ff       	callq  10f0 <_ZNSolsEi@plt>
    129d:	48 89 c2             	mov    %rax,%rdx
    12a0:	48 8b 05 29 2d 00 00 	mov    0x2d29(%rip),%rax        # 3fd0 <_ZSt4endlIcSt11char_traitsIcEERSt13basic_ostreamIT_T0_ES6_@GLIBCXX_3.4>
    12a7:	48 89 c6             	mov    %rax,%rsi
    12aa:	48 89 d7             	mov    %rdx,%rdi
    12ad:	e8 0e fe ff ff       	callq  10c0 <_ZNSolsEPFRSoS_E@plt>
    12b2:	8b 45 f4             	mov    -0xc(%rbp),%eax
    12b5:	89 45 e8             	mov    %eax,-0x18(%rbp)
    12b8:	83 45 f0 01          	addl   $0x1,-0x10(%rbp)
    12bc:	eb ba                	jmp    1278 <main+0x8f>
    12be:	b8 00 00 00 00       	mov    $0x0,%eax
    12c3:	48 8b 4d f8          	mov    -0x8(%rbp),%rcx
    12c7:	64 48 33 0c 25 28 00 	xor    %fs:0x28,%rcx
    12ce:	00 00 
    12d0:	74 05                	je     12d7 <main+0xee>
    12d2:	e8 f9 fd ff ff       	callq  10d0 <__stack_chk_fail@plt>
    12d7:	c9                   	leaveq 
    12d8:	c3                   	retq   

00000000000012d9 <_Z41__static_initialization_and_destruction_0ii>:
    12d9:	f3 0f 1e fa          	endbr64 
    12dd:	55                   	push   %rbp
    12de:	48 89 e5             	mov    %rsp,%rbp
    12e1:	48 83 ec 10          	sub    $0x10,%rsp
    12e5:	89 7d fc             	mov    %edi,-0x4(%rbp)
    12e8:	89 75 f8             	mov    %esi,-0x8(%rbp)
    12eb:	83 7d fc 01          	cmpl   $0x1,-0x4(%rbp)
    12ef:	75 32                	jne    1323 <_Z41__static_initialization_and_destruction_0ii+0x4a>
    12f1:	81 7d f8 ff ff 00 00 	cmpl   $0xffff,-0x8(%rbp)
    12f8:	75 29                	jne    1323 <_Z41__static_initialization_and_destruction_0ii+0x4a>
    12fa:	48 8d 3d 78 2f 00 00 	lea    0x2f78(%rip),%rdi        # 4279 <_ZStL8__ioinit>
    1301:	e8 da fd ff ff       	callq  10e0 <_ZNSt8ios_base4InitC1Ev@plt>
    1306:	48 8d 15 fb 2c 00 00 	lea    0x2cfb(%rip),%rdx        # 4008 <__dso_handle>
    130d:	48 8d 35 65 2f 00 00 	lea    0x2f65(%rip),%rsi        # 4279 <_ZStL8__ioinit>
    1314:	48 8b 05 dd 2c 00 00 	mov    0x2cdd(%rip),%rax        # 3ff8 <_ZNSt8ios_base4InitD1Ev@GLIBCXX_3.4>
    131b:	48 89 c7             	mov    %rax,%rdi
    131e:	e8 8d fd ff ff       	callq  10b0 <__cxa_atexit@plt>
    1323:	90                   	nop
    1324:	c9                   	leaveq 
    1325:	c3                   	retq   

0000000000001326 <_GLOBAL__sub_I_main>:
    1326:	f3 0f 1e fa          	endbr64 
    132a:	55                   	push   %rbp
    132b:	48 89 e5             	mov    %rsp,%rbp
    132e:	be ff ff 00 00       	mov    $0xffff,%esi
    1333:	bf 01 00 00 00       	mov    $0x1,%edi
    1338:	e8 9c ff ff ff       	callq  12d9 <_Z41__static_initialization_and_destruction_0ii>
    133d:	5d                   	pop    %rbp
    133e:	c3                   	retq   
    133f:	90                   	nop

0000000000001340 <__libc_csu_init>:
    1340:	f3 0f 1e fa          	endbr64 
    1344:	41 57                	push   %r15
    1346:	4c 8d 3d 1b 2a 00 00 	lea    0x2a1b(%rip),%r15        # 3d68 <__frame_dummy_init_array_entry>
    134d:	41 56                	push   %r14
    134f:	49 89 d6             	mov    %rdx,%r14
    1352:	41 55                	push   %r13
    1354:	49 89 f5             	mov    %rsi,%r13
    1357:	41 54                	push   %r12
    1359:	41 89 fc             	mov    %edi,%r12d
    135c:	55                   	push   %rbp
    135d:	48 8d 2d 14 2a 00 00 	lea    0x2a14(%rip),%rbp        # 3d78 <__do_global_dtors_aux_fini_array_entry>
    1364:	53                   	push   %rbx
    1365:	4c 29 fd             	sub    %r15,%rbp
    1368:	48 83 ec 08          	sub    $0x8,%rsp
    136c:	e8 8f fc ff ff       	callq  1000 <_init>
    1371:	48 c1 fd 03          	sar    $0x3,%rbp
    1375:	74 1f                	je     1396 <__libc_csu_init+0x56>
    1377:	31 db                	xor    %ebx,%ebx
    1379:	0f 1f 80 00 00 00 00 	nopl   0x0(%rax)
    1380:	4c 89 f2             	mov    %r14,%rdx
    1383:	4c 89 ee             	mov    %r13,%rsi
    1386:	44 89 e7             	mov    %r12d,%edi
    1389:	41 ff 14 df          	callq  *(%r15,%rbx,8)
    138d:	48 83 c3 01          	add    $0x1,%rbx
    1391:	48 39 dd             	cmp    %rbx,%rbp
    1394:	75 ea                	jne    1380 <__libc_csu_init+0x40>
    1396:	48 83 c4 08          	add    $0x8,%rsp
    139a:	5b                   	pop    %rbx
    139b:	5d                   	pop    %rbp
    139c:	41 5c                	pop    %r12
    139e:	41 5d                	pop    %r13
    13a0:	41 5e                	pop    %r14
    13a2:	41 5f                	pop    %r15
    13a4:	c3                   	retq   
    13a5:	66 66 2e 0f 1f 84 00 	data16 nopw %cs:0x0(%rax,%rax,1)
    13ac:	00 00 00 00 

00000000000013b0 <__libc_csu_fini>:
    13b0:	f3 0f 1e fa          	endbr64 
    13b4:	c3                   	retq   

Disassembly of section .fini:

00000000000013b8 <_fini>:
    13b8:	f3 0f 1e fa          	endbr64 
    13bc:	48 83 ec 08          	sub    $0x8,%rsp
    13c0:	48 83 c4 08          	add    $0x8,%rsp
    13c4:	c3                   	retq   
